<?xml version="1.0" encoding="UTF-8"?>
<!-- Generated by org.testng.reporters.JUnitReportReporter -->
<testsuite hostname="DESKTOP-L709TVT" failures="0" tests="1" name="Prashanth_maven_project.Extentreports.ExtentReportDemo" time="20.311" errors="0" timestamp="2025-01-04T19:57:08 IST" skipped="0">
  <testcase classname="Prashanth_maven_project.Extentreports.ExtentReportDemo" name="initialize" time="20.311"/>
</testsuite> <!-- Prashanth_maven_project.Extentreports.ExtentReportDemo -->
