<?xml version="1.0" encoding="UTF-8"?>
<!-- Generated by org.testng.reporters.JUnitReportReporter -->
<testsuite hostname="DESKTOP-L709TVT" failures="0" tests="1" name="Prashanth_maven_project.Tests.SubmitOrder1" time="12.163" errors="0" timestamp="2024-04-28T11:05:06 IST" skipped="0">
  <testcase classname="Prashanth_maven_project.Tests.SubmitOrder1" name="StandAlone" time="12.163"/>
</testsuite> <!-- Prashanth_maven_project.Tests.SubmitOrder1 -->
