<?xml version="1.0" encoding="UTF-8"?>
<!-- Generated by org.testng.reporters.JUnitReportReporter -->
<testsuite hostname="DESKTOP-L709TVT" failures="0" tests="1" name="Prashanth_maven_project.Tests.StandAloneTestNew" time="17.381" errors="0" timestamp="2024-04-27T20:45:44 IST" skipped="0">
  <testcase classname="Prashanth_maven_project.Tests.StandAloneTestNew" name="StandAlone" time="17.381"/>
</testsuite> <!-- Prashanth_maven_project.Tests.StandAloneTestNew -->
