<?xml version="1.0" encoding="UTF-8"?>
<!-- Generated by org.testng.reporters.JUnitReportReporter -->
<testsuite hostname="DESKTOP-L709TVT" failures="0" tests="2" name="Prashanth_maven_project.Tests.SubmitOrderTest" time="30.749" errors="0" timestamp="2025-01-04T21:10:11 IST" skipped="0">
  <testcase classname="Prashanth_maven_project.Tests.SubmitOrderTest" name="StandAlone" time="20.045"/>
  <testcase classname="Prashanth_maven_project.Tests.SubmitOrderTest" name="VerifyOrders" time="10.704"/>
</testsuite> <!-- Prashanth_maven_project.Tests.SubmitOrderTest -->
