<?xml version="1.0" encoding="UTF-8"?>
<!-- Generated by org.testng.reporters.JUnitReportReporter -->
<testsuite hostname="DESKTOP-L709TVT" failures="0" tests="1" name="Cucumber.TestNGRunner" time="25.238" errors="0" timestamp="2025-01-04T19:01:39 IST" skipped="0">
  <testcase classname="Cucumber.TestNGRunner" name="runScenario" time="25.238"/>
</testsuite> <!-- Cucumber.TestNGRunner -->
