<?xml version="1.0" encoding="UTF-8"?>
<!-- Generated by org.testng.reporters.JUnitReportReporter -->
<testsuite hostname="DESKTOP-L709TVT" failures="0" tests="1" name="Cucumber.TestNGRunner" time="41.569" errors="0" timestamp="2024-05-07T20:28:22 IST" skipped="0">
  <testcase classname="Cucumber.TestNGRunner" name="runScenario" time="41.569"/>
</testsuite> <!-- Cucumber.TestNGRunner -->
